<component name="libraryTable">
  <library name="junit-4.9">
    <CLASSES>
      <root url="jar://$PROJECT_DIR$/../lib/junit/junit-4.9.jar!/" />
      <root url="jar://$PROJECT_DIR$/../lib/jsoup/jsoup-1.12.1.jar!/" />
    </CLASSES>
    <JAVADOC />
    <SOURCES />
  </library>
</component>